2026-04-06 15:06:36,290 [INFO] [root]: init_logging done.
2026-04-06 15:06:36,290 [INFO] [DDNS]: >>>>>>>> run update_dns() on 2026-04-06 15:06:36.290399
2026-04-06 15:06:36,484 [INFO] [werkzeug]: [31m[1mWARNING: This is a development server. Do not use it in a production deployment. Use a production WSGI server instead.[0m
 * Running on all addresses (::)
 * Running on http://[::1]:5000
 * Running on http://[2408:820c:a93c:1370:b675:9c27:fac4:c80f]:5000
2026-04-06 15:06:36,484 [INFO] [werkzeug]: [33mPress CTRL+C to quit[0m
2026-04-06 15:06:37,182 [INFO] [DDNS]: item.id: b67b267988f7d2e54c7a1dac46b60411
2026-04-06 15:06:37,416 [INFO] [DDNS]: current ipv6 address: 2603:c024:451c:b600:0:bd9b:9ef4:111f
2026-04-06 15:06:37,926 [INFO] [DDNS]: update result: {
  "name": "macmini.fengzer0.org",
  "type": "AAAA",
  "comment": "macmini",
  "content": "2603:c024:451c:b600:0:bd9b:9ef4:111f",
  "proxied": false,
  "settings": {},
  "tags": [],
  "ttl": 300.0,
  "id": "b67b267988f7d2e54c7a1dac46b60411",
  "created_on": "2025-07-13T07:51:49.482100Z",
  "meta": {},
  "modified_on": "2026-04-06T06:35:15.357142Z",
  "proxiable": true,
  "comment_modified_on": "2026-01-29T15:23:46.465912Z"
}
2026-04-06 15:06:37,926 [INFO] [DDNS]:  next run update_dns() on 2026-04-06 15:11:37.926858


2026-04-06 15:06:40,926 [INFO] [DDNS]: >>>>>>>> run update_dns() on 2026-04-06 15:06:40.926956
2026-04-06 15:06:41,413 [INFO] [DDNS]: item.id: b67b267988f7d2e54c7a1dac46b60411
2026-04-06 15:06:41,649 [INFO] [DDNS]: current ipv6 address: 2603:c024:451c:b600:0:bd9b:9ef4:111f
2026-04-06 15:06:42,141 [INFO] [DDNS]: update result: {
  "name": "macmini.fengzer0.org",
  "type": "AAAA",
  "comment": "macmini",
  "content": "2603:c024:451c:b600:0:bd9b:9ef4:111f",
  "proxied": false,
  "settings": {},
  "tags": [],
  "ttl": 300.0,
  "id": "b67b267988f7d2e54c7a1dac46b60411",
  "created_on": "2025-07-13T07:51:49.482100Z",
  "meta": {},
  "modified_on": "2026-04-06T06:35:15.357142Z",
  "proxiable": true,
  "comment_modified_on": "2026-01-29T15:23:46.465912Z"
}
2026-04-06 15:06:42,141 [INFO] [DDNS]:  next run update_dns() on 2026-04-06 15:11:42.141779


